<?xml version="1.0" encoding="UTF-8"?>
<!-- Generated by org.testng.reporters.JUnitReportReporter -->
<testsuite hostname="DESKTOP-4BNDCLB" failures="0" tests="2" name="TestNG_CLasses.ExTest" time="0.011" errors="0" timestamp="2023-10-22T20:28:47 EDT" skipped="0">
  <testcase classname="TestNG_CLasses.ExTest" name="tc1_Validate_Login_Functionality" time="0.007"/>
  <testcase classname="TestNG_CLasses.ExTest" name="tc2_Registration_Validation" time="0.004"/>
</testsuite> <!-- TestNG_CLasses.ExTest -->
