<?xml version="1.0" encoding="UTF-8"?>
<!-- Generated by org.testng.reporters.JUnitReportReporter -->
<testsuite hostname="DESKTOP-4BNDCLB" failures="0" tests="1" name="TestNG_CLasses.LogTestClass" time="1.400" errors="0" timestamp="2023-10-22T09:38:53 EDT" skipped="0">
  <testcase classname="TestNG_CLasses.LogTestClass" name="Verify_Homepage" time="1.400"/>
</testsuite> <!-- TestNG_CLasses.LogTestClass -->
